
*** Running vivado
    with args -log Sigmoid_BRAM.vdi -applog -m64 -product Vivado -messageDb vivado.pb -mode batch -source Sigmoid_BRAM.tcl -notrace



****** Vivado v2020.2 (64-bit)
  **** SW Build 3064766 on Wed Nov 18 09:12:45 MST 2020
  **** IP Build 3064653 on Wed Nov 18 14:17:31 MST 2020
    ** Copyright 1986-2020 Xilinx, Inc. All Rights Reserved.

source Sigmoid_BRAM.tcl -notrace
Command: link_design -top Sigmoid_BRAM -part xc7a100tcsg324-1
Design is defaulting to srcset: sources_1
Design is defaulting to constrset: constrs_1
INFO: [Device 21-403] Loading part xc7a100tcsg324-1
INFO: [Project 1-454] Reading design checkpoint 'c:/Users/User/ACTIVATION FUNCTION/Sigmoid_Function_in_BRAM/Sigmoid_Function_in_BRAM.gen/sources_1/ip/blk_mem_gen_0/blk_mem_gen_0.dcp' for cell 'B'
Netlist sorting complete. Time (s): cpu = 00:00:00 ; elapsed = 00:00:00.002 . Memory (MB): peak = 1106.477 ; gain = 0.000
INFO: [Netlist 29-17] Analyzing 1 Unisim elements for replacement
INFO: [Netlist 29-28] Unisim Transformation completed in 0 CPU seconds
INFO: [Project 1-479] Netlist was created with Vivado 2020.2
INFO: [Project 1-570] Preparing netlist for logic optimization
INFO: [Opt 31-138] Pushed 0 inverter(s) to 0 load pin(s).
Netlist sorting complete. Time (s): cpu = 00:00:00 ; elapsed = 00:00:00 . Memory (MB): peak = 1106.477 ; gain = 0.000
INFO: [Project 1-111] Unisim Transformation Summary:
No Unisim elements were transformed.

8 Infos, 0 Warnings, 0 Critical Warnings and 0 Errors encountered.
link_design completed successfully
link_design: Time (s): cpu = 00:00:08 ; elapsed = 00:00:10 . Memory (MB): peak = 1106.477 ; gain = 0.000
Command: opt_design
Attempting to get a license for feature 'Implementation' and/or device 'xc7a100t'
INFO: [Common 17-349] Got license for feature 'Implementation' and/or device 'xc7a100t'
Running DRC as a precondition to command opt_design

Starting DRC Task
INFO: [DRC 23-27] Running DRC with 2 threads
INFO: [Project 1-461] DRC finished with 0 Errors
INFO: [Project 1-462] Please refer to the DRC report (report_drc) for more information.

Time (s): cpu = 00:00:02 ; elapsed = 00:00:01 . Memory (MB): peak = 1106.477 ; gain = 0.000

Starting Cache Timing Information Task
INFO: [Timing 38-35] Done setting XDC timing constraints.
Ending Cache Timing Information Task | Checksum: 166a5614e

Time (s): cpu = 00:00:09 ; elapsed = 00:00:10 . Memory (MB): peak = 1496.289 ; gain = 389.812

Starting Logic Optimization Task

Phase 1 Retarget
INFO: [Opt 31-138] Pushed 0 inverter(s) to 0 load pin(s).
INFO: [Opt 31-49] Retargeted 0 cell(s).
Phase 1 Retarget | Checksum: 166a5614e

Time (s): cpu = 00:00:00 ; elapsed = 00:00:00.010 . Memory (MB): peak = 1708.383 ; gain = 0.000
INFO: [Opt 31-389] Phase Retarget created 0 cells and removed 0 cells

Phase 2 Constant propagation
INFO: [Opt 31-138] Pushed 0 inverter(s) to 0 load pin(s).
Phase 2 Constant propagation | Checksum: 166a5614e

Time (s): cpu = 00:00:00 ; elapsed = 00:00:00.012 . Memory (MB): peak = 1708.383 ; gain = 0.000
INFO: [Opt 31-389] Phase Constant propagation created 0 cells and removed 0 cells

Phase 3 Sweep
Phase 3 Sweep | Checksum: 151ba51dc

Time (s): cpu = 00:00:00 ; elapsed = 00:00:00.015 . Memory (MB): peak = 1708.383 ; gain = 0.000
INFO: [Opt 31-389] Phase Sweep created 0 cells and removed 0 cells

Phase 4 BUFG optimization
Phase 4 BUFG optimization | Checksum: 151ba51dc

Time (s): cpu = 00:00:00 ; elapsed = 00:00:00.018 . Memory (MB): peak = 1708.383 ; gain = 0.000
INFO: [Opt 31-662] Phase BUFG optimization created 0 cells of which 0 are BUFGs and removed 0 cells.

Phase 5 Shift Register Optimization
INFO: [Opt 31-1064] SRL Remap converted 0 SRLs to 0 registers and converted 0 registers of register chains to 0 SRLs
Phase 5 Shift Register Optimization | Checksum: 151ba51dc

Time (s): cpu = 00:00:00 ; elapsed = 00:00:00.019 . Memory (MB): peak = 1708.383 ; gain = 0.000
INFO: [Opt 31-389] Phase Shift Register Optimization created 0 cells and removed 0 cells

Phase 6 Post Processing Netlist
Phase 6 Post Processing Netlist | Checksum: 151ba51dc

Time (s): cpu = 00:00:00 ; elapsed = 00:00:00.020 . Memory (MB): peak = 1708.383 ; gain = 0.000
INFO: [Opt 31-389] Phase Post Processing Netlist created 0 cells and removed 0 cells
Opt_design Change Summary
=========================


-------------------------------------------------------------------------------------------------------------------------
|  Phase                        |  #Cells created  |  #Cells Removed  |  #Constrained objects preventing optimizations  |
-------------------------------------------------------------------------------------------------------------------------
|  Retarget                     |               0  |               0  |                                              0  |
|  Constant propagation         |               0  |               0  |                                              0  |
|  Sweep                        |               0  |               0  |                                              0  |
|  BUFG optimization            |               0  |               0  |                                              0  |
|  Shift Register Optimization  |               0  |               0  |                                              0  |
|  Post Processing Netlist      |               0  |               0  |                                              0  |
-------------------------------------------------------------------------------------------------------------------------



Starting Connectivity Check Task

Time (s): cpu = 00:00:00 ; elapsed = 00:00:00 . Memory (MB): peak = 1708.383 ; gain = 0.000
Ending Logic Optimization Task | Checksum: 15f684cd2

Time (s): cpu = 00:00:00 ; elapsed = 00:00:00.023 . Memory (MB): peak = 1708.383 ; gain = 0.000

Starting Power Optimization Task
INFO: [Pwropt 34-132] Skipping clock gating for clocks with a period < 2.00 ns.
INFO: [Pwropt 34-9] Applying IDT optimizations ...
INFO: [Pwropt 34-10] Applying ODC optimizations ...
INFO: [Timing 38-35] Done setting XDC timing constraints.
WARNING: [Power 33-232] No user defined clocks were found in the design! Power estimation will be inaccurate until this is corrected.
Resolution: Please specify clocks using create_clock/create_generated_clock for sequential elements. For pure combinatorial circuits, please specify a virtual clock, otherwise the vectorless estimation might be inaccurate
Running Vector-less Activity Propagation...

Finished Running Vector-less Activity Propagation


Starting PowerOpt Patch Enables Task
INFO: [Pwropt 34-162] WRITE_MODE attribute of 0 BRAM(s) out of a total of 1 has been updated to save power. Run report_power_opt to get a complete listing of the BRAMs updated.
INFO: [Pwropt 34-201] Structural ODC has moved 0 WE to EN ports
Number of BRAM Ports augmented: 0 newly gated: 0 Total Ports: 2
Ending PowerOpt Patch Enables Task | Checksum: 15f684cd2

Time (s): cpu = 00:00:00 ; elapsed = 00:00:00.007 . Memory (MB): peak = 1806.477 ; gain = 0.000
Ending Power Optimization Task | Checksum: 15f684cd2

Time (s): cpu = 00:00:01 ; elapsed = 00:00:00.864 . Memory (MB): peak = 1806.477 ; gain = 98.094

Starting Final Cleanup Task
Ending Final Cleanup Task | Checksum: 15f684cd2

Time (s): cpu = 00:00:00 ; elapsed = 00:00:00 . Memory (MB): peak = 1806.477 ; gain = 0.000

Starting Netlist Obfuscation Task
Netlist sorting complete. Time (s): cpu = 00:00:00 ; elapsed = 00:00:00 . Memory (MB): peak = 1806.477 ; gain = 0.000
Ending Netlist Obfuscation Task | Checksum: 15f684cd2

Time (s): cpu = 00:00:00 ; elapsed = 00:00:00 . Memory (MB): peak = 1806.477 ; gain = 0.000
INFO: [Common 17-83] Releasing license: Implementation
30 Infos, 1 Warnings, 0 Critical Warnings and 0 Errors encountered.
opt_design completed successfully
opt_design: Time (s): cpu = 00:00:15 ; elapsed = 00:00:14 . Memory (MB): peak = 1806.477 ; gain = 700.000
INFO: [Common 17-1381] The checkpoint 'C:/Users/User/ACTIVATION FUNCTION/Sigmoid_Function_in_BRAM/Sigmoid_Function_in_BRAM.runs/impl_1/Sigmoid_BRAM_opt.dcp' has been generated.
INFO: [runtcl-4] Executing : report_drc -file Sigmoid_BRAM_drc_opted.rpt -pb Sigmoid_BRAM_drc_opted.pb -rpx Sigmoid_BRAM_drc_opted.rpx
Command: report_drc -file Sigmoid_BRAM_drc_opted.rpt -pb Sigmoid_BRAM_drc_opted.pb -rpx Sigmoid_BRAM_drc_opted.rpx
INFO: [IP_Flow 19-1839] IP Catalog is up to date.
INFO: [Timing 38-35] Done setting XDC timing constraints.
INFO: [DRC 23-27] Running DRC with 2 threads
INFO: [Coretcl 2-168] The results of DRC are in file C:/Users/User/ACTIVATION FUNCTION/Sigmoid_Function_in_BRAM/Sigmoid_Function_in_BRAM.runs/impl_1/Sigmoid_BRAM_drc_opted.rpt.
report_drc completed successfully
Command: place_design
Attempting to get a license for feature 'Implementation' and/or device 'xc7a100t'
INFO: [Common 17-349] Got license for feature 'Implementation' and/or device 'xc7a100t'
INFO: [DRC 23-27] Running DRC with 2 threads
INFO: [Vivado_Tcl 4-198] DRC finished with 0 Errors
INFO: [Vivado_Tcl 4-199] Please refer to the DRC report (report_drc) for more information.
Running DRC as a precondition to command place_design
INFO: [DRC 23-27] Running DRC with 2 threads
INFO: [Vivado_Tcl 4-198] DRC finished with 0 Errors
INFO: [Vivado_Tcl 4-199] Please refer to the DRC report (report_drc) for more information.

Starting Placer Task
INFO: [Place 30-611] Multithreading enabled for place_design using a maximum of 2 CPUs

Phase 1 Placer Initialization

Phase 1.1 Placer Initialization Netlist Sorting
Netlist sorting complete. Time (s): cpu = 00:00:00 ; elapsed = 00:00:00.001 . Memory (MB): peak = 1806.477 ; gain = 0.000
Phase 1.1 Placer Initialization Netlist Sorting | Checksum: a82f5e88

Time (s): cpu = 00:00:00 ; elapsed = 00:00:00.006 . Memory (MB): peak = 1806.477 ; gain = 0.000
Netlist sorting complete. Time (s): cpu = 00:00:00 ; elapsed = 00:00:00 . Memory (MB): peak = 1806.477 ; gain = 0.000

Phase 1.2 IO Placement/ Clock Placement/ Build Placer Device
Phase 1.2 IO Placement/ Clock Placement/ Build Placer Device | Checksum: 17d032b92

Time (s): cpu = 00:00:00 ; elapsed = 00:00:00.146 . Memory (MB): peak = 1806.477 ; gain = 0.000

Phase 1.3 Build Placer Netlist Model
Phase 1.3 Build Placer Netlist Model | Checksum: 1971a2780

Time (s): cpu = 00:00:00 ; elapsed = 00:00:00.189 . Memory (MB): peak = 1806.477 ; gain = 0.000

Phase 1.4 Constrain Clocks/Macros
Phase 1.4 Constrain Clocks/Macros | Checksum: 1971a2780

Time (s): cpu = 00:00:00 ; elapsed = 00:00:00.192 . Memory (MB): peak = 1806.477 ; gain = 0.000
Phase 1 Placer Initialization | Checksum: 1971a2780

Time (s): cpu = 00:00:00 ; elapsed = 00:00:00.196 . Memory (MB): peak = 1806.477 ; gain = 0.000

Phase 2 Global Placement

Phase 2.1 Floorplanning
Phase 2.1 Floorplanning | Checksum: 1971a2780

Time (s): cpu = 00:00:00 ; elapsed = 00:00:00.198 . Memory (MB): peak = 1806.477 ; gain = 0.000

Phase 2.2 Update Timing before SLR Path Opt
Phase 2.2 Update Timing before SLR Path Opt | Checksum: 1971a2780

Time (s): cpu = 00:00:00 ; elapsed = 00:00:00.198 . Memory (MB): peak = 1806.477 ; gain = 0.000

Phase 2.3 Global Placement Core
WARNING: [Place 46-29] place_design is not in timing mode. Skip physical synthesis in placer
Phase 2.3 Global Placement Core | Checksum: 1d26c97a7

Time (s): cpu = 00:00:03 ; elapsed = 00:00:02 . Memory (MB): peak = 1806.477 ; gain = 0.000
Phase 2 Global Placement | Checksum: 1d26c97a7

Time (s): cpu = 00:00:03 ; elapsed = 00:00:02 . Memory (MB): peak = 1806.477 ; gain = 0.000

Phase 3 Post Placement Optimization and Clean-Up

Phase 3.1 Post Commit Optimization
Phase 3.1 Post Commit Optimization | Checksum: 1d26c97a7

Time (s): cpu = 00:00:03 ; elapsed = 00:00:02 . Memory (MB): peak = 1806.477 ; gain = 0.000

Phase 3.2 Post Placement Cleanup
Phase 3.2 Post Placement Cleanup | Checksum: 1d26c97a7

Time (s): cpu = 00:00:03 ; elapsed = 00:00:02 . Memory (MB): peak = 1806.477 ; gain = 0.000

Phase 3.3 Placer Reporting

Phase 3.3.1 Print Estimated Congestion
INFO: [Place 30-612] Post-Placement Estimated Congestion 
 ____________________________________________________
|           | Global Congestion | Short Congestion  |
| Direction | Region Size       | Region Size       |
|___________|___________________|___________________|
|      North|                1x1|                1x1|
|___________|___________________|___________________|
|      South|                1x1|                1x1|
|___________|___________________|___________________|
|       East|                1x1|                1x1|
|___________|___________________|___________________|
|       West|                1x1|                1x1|
|___________|___________________|___________________|

Phase 3.3.1 Print Estimated Congestion | Checksum: 1d26c97a7

Time (s): cpu = 00:00:03 ; elapsed = 00:00:02 . Memory (MB): peak = 1806.477 ; gain = 0.000
Phase 3.3 Placer Reporting | Checksum: 1d26c97a7

Time (s): cpu = 00:00:03 ; elapsed = 00:00:02 . Memory (MB): peak = 1806.477 ; gain = 0.000

Phase 3.4 Final Placement Cleanup
Netlist sorting complete. Time (s): cpu = 00:00:00 ; elapsed = 00:00:00 . Memory (MB): peak = 1806.477 ; gain = 0.000

Time (s): cpu = 00:00:03 ; elapsed = 00:00:02 . Memory (MB): peak = 1806.477 ; gain = 0.000
Phase 3 Post Placement Optimization and Clean-Up | Checksum: 1d26c97a7

Time (s): cpu = 00:00:03 ; elapsed = 00:00:02 . Memory (MB): peak = 1806.477 ; gain = 0.000
Ending Placer Task | Checksum: 10caaf24f

Time (s): cpu = 00:00:03 ; elapsed = 00:00:02 . Memory (MB): peak = 1806.477 ; gain = 0.000
INFO: [Common 17-83] Releasing license: Implementation
46 Infos, 2 Warnings, 0 Critical Warnings and 0 Errors encountered.
place_design completed successfully
Writing placer database...
Writing XDEF routing.
Writing XDEF routing logical nets.
Writing XDEF routing special nets.
Write XDEF Complete: Time (s): cpu = 00:00:00 ; elapsed = 00:00:00.142 . Memory (MB): peak = 1806.477 ; gain = 0.000
INFO: [Common 17-1381] The checkpoint 'C:/Users/User/ACTIVATION FUNCTION/Sigmoid_Function_in_BRAM/Sigmoid_Function_in_BRAM.runs/impl_1/Sigmoid_BRAM_placed.dcp' has been generated.
INFO: [runtcl-4] Executing : report_io -file Sigmoid_BRAM_io_placed.rpt
report_io: Time (s): cpu = 00:00:00 ; elapsed = 00:00:00.043 . Memory (MB): peak = 1806.477 ; gain = 0.000
INFO: [runtcl-4] Executing : report_utilization -file Sigmoid_BRAM_utilization_placed.rpt -pb Sigmoid_BRAM_utilization_placed.pb
INFO: [runtcl-4] Executing : report_control_sets -verbose -file Sigmoid_BRAM_control_sets_placed.rpt
report_control_sets: Time (s): cpu = 00:00:00 ; elapsed = 00:00:00.001 . Memory (MB): peak = 1806.477 ; gain = 0.000
Command: phys_opt_design
Attempting to get a license for feature 'Implementation' and/or device 'xc7a100t'
INFO: [Common 17-349] Got license for feature 'Implementation' and/or device 'xc7a100t'
INFO: [Vivado_Tcl 4-235] No timing constraint found. The netlist was not modified.
INFO: [Common 17-83] Releasing license: Implementation
53 Infos, 2 Warnings, 0 Critical Warnings and 0 Errors encountered.
phys_opt_design completed successfully
Writing placer database...
Writing XDEF routing.
Writing XDEF routing logical nets.
Writing XDEF routing special nets.
Write XDEF Complete: Time (s): cpu = 00:00:00 ; elapsed = 00:00:00.046 . Memory (MB): peak = 1806.477 ; gain = 0.000
INFO: [Common 17-1381] The checkpoint 'C:/Users/User/ACTIVATION FUNCTION/Sigmoid_Function_in_BRAM/Sigmoid_Function_in_BRAM.runs/impl_1/Sigmoid_BRAM_physopt.dcp' has been generated.
Command: route_design
Attempting to get a license for feature 'Implementation' and/or device 'xc7a100t'
INFO: [Common 17-349] Got license for feature 'Implementation' and/or device 'xc7a100t'
Running DRC as a precondition to command route_design
INFO: [DRC 23-27] Running DRC with 2 threads
INFO: [Vivado_Tcl 4-198] DRC finished with 0 Errors
INFO: [Vivado_Tcl 4-199] Please refer to the DRC report (report_drc) for more information.


Starting Routing Task
INFO: [Route 35-254] Multithreading enabled for route_design using a maximum of 2 CPUs
Checksum: PlaceDB: 647b93c7 ConstDB: 0 ShapeSum: a82f5e88 RouteDB: 0

Phase 1 Build RT Design
Phase 1 Build RT Design | Checksum: 15b9391a0

Time (s): cpu = 00:00:37 ; elapsed = 00:00:32 . Memory (MB): peak = 1867.945 ; gain = 61.469
Post Restoration Checksum: NetGraph: 68c24955 NumContArr: f2d1484b Constraints: 0 Timing: 0

Phase 2 Router Initialization
INFO: [Route 35-64] No timing constraints were detected. The router will operate in resource-optimization mode.

Phase 2.1 Fix Topology Constraints
Phase 2.1 Fix Topology Constraints | Checksum: 15b9391a0

Time (s): cpu = 00:00:37 ; elapsed = 00:00:32 . Memory (MB): peak = 1873.949 ; gain = 67.473

Phase 2.2 Pre Route Cleanup
Phase 2.2 Pre Route Cleanup | Checksum: 15b9391a0

Time (s): cpu = 00:00:37 ; elapsed = 00:00:32 . Memory (MB): peak = 1873.949 ; gain = 67.473
 Number of Nodes with overlaps = 0
Phase 2 Router Initialization | Checksum: dfa659cd

Time (s): cpu = 00:00:37 ; elapsed = 00:00:32 . Memory (MB): peak = 1884.059 ; gain = 77.582

Router Utilization Summary
  Global Vertical Routing Utilization    = 0 %
  Global Horizontal Routing Utilization  = 0 %
  Routable Net Status*
  *Does not include unroutable nets such as driverless and loadless.
  Run report_route_status for detailed report.
  Number of Failed Nets               = 18
    (Failed Nets is the sum of unrouted and partially routed nets)
  Number of Unrouted Nets             = 18
  Number of Partially Routed Nets     = 0
  Number of Node Overlaps             = 0


Phase 3 Initial Routing

Phase 3.1 Global Routing
Phase 3.1 Global Routing | Checksum: dfa659cd

Time (s): cpu = 00:00:37 ; elapsed = 00:00:32 . Memory (MB): peak = 1886.332 ; gain = 79.855
Phase 3 Initial Routing | Checksum: ef0ece5f

Time (s): cpu = 00:00:38 ; elapsed = 00:00:32 . Memory (MB): peak = 1886.332 ; gain = 79.855

Phase 4 Rip-up And Reroute

Phase 4.1 Global Iteration 0
 Number of Nodes with overlaps = 0
Phase 4.1 Global Iteration 0 | Checksum: 1a97417a4

Time (s): cpu = 00:00:38 ; elapsed = 00:00:32 . Memory (MB): peak = 1886.332 ; gain = 79.855
Phase 4 Rip-up And Reroute | Checksum: 1a97417a4

Time (s): cpu = 00:00:38 ; elapsed = 00:00:32 . Memory (MB): peak = 1886.332 ; gain = 79.855

Phase 5 Delay and Skew Optimization
Phase 5 Delay and Skew Optimization | Checksum: 1a97417a4

Time (s): cpu = 00:00:38 ; elapsed = 00:00:32 . Memory (MB): peak = 1886.332 ; gain = 79.855

Phase 6 Post Hold Fix

Phase 6.1 Hold Fix Iter
Phase 6.1 Hold Fix Iter | Checksum: 1a97417a4

Time (s): cpu = 00:00:38 ; elapsed = 00:00:32 . Memory (MB): peak = 1886.332 ; gain = 79.855
Phase 6 Post Hold Fix | Checksum: 1a97417a4

Time (s): cpu = 00:00:38 ; elapsed = 00:00:32 . Memory (MB): peak = 1886.332 ; gain = 79.855

Phase 7 Route finalize

Router Utilization Summary
  Global Vertical Routing Utilization    = 0.00509205 %
  Global Horizontal Routing Utilization  = 0.00866724 %
  Routable Net Status*
  *Does not include unroutable nets such as driverless and loadless.
  Run report_route_status for detailed report.
  Number of Failed Nets               = 0
    (Failed Nets is the sum of unrouted and partially routed nets)
  Number of Unrouted Nets             = 0
  Number of Partially Routed Nets     = 0
  Number of Node Overlaps             = 0

Congestion Report
North Dir 1x1 Area, Max Cong = 0.900901%, No Congested Regions.
South Dir 1x1 Area, Max Cong = 18.018%, No Congested Regions.
East Dir 1x1 Area, Max Cong = 5.88235%, No Congested Regions.
West Dir 1x1 Area, Max Cong = 22.0588%, No Congested Regions.

------------------------------
Reporting congestion hotspots
------------------------------
Direction: North
----------------
Congested clusters found at Level 0
Effective congestion level: 0 Aspect Ratio: 1 Sparse Ratio: 0
Direction: South
----------------
Congested clusters found at Level 0
Effective congestion level: 0 Aspect Ratio: 1 Sparse Ratio: 0
Direction: East
----------------
Congested clusters found at Level 0
Effective congestion level: 0 Aspect Ratio: 1 Sparse Ratio: 0
Direction: West
----------------
Congested clusters found at Level 0
Effective congestion level: 0 Aspect Ratio: 1 Sparse Ratio: 0

Phase 7 Route finalize | Checksum: 1a97417a4

Time (s): cpu = 00:00:38 ; elapsed = 00:00:32 . Memory (MB): peak = 1886.332 ; gain = 79.855

Phase 8 Verifying routed nets

 Verification completed successfully
Phase 8 Verifying routed nets | Checksum: 1a97417a4

Time (s): cpu = 00:00:38 ; elapsed = 00:00:32 . Memory (MB): peak = 1886.332 ; gain = 79.855

Phase 9 Depositing Routes
Phase 9 Depositing Routes | Checksum: 1a97417a4

Time (s): cpu = 00:00:38 ; elapsed = 00:00:32 . Memory (MB): peak = 1886.332 ; gain = 79.855
INFO: [Route 35-16] Router Completed Successfully

Time (s): cpu = 00:00:38 ; elapsed = 00:00:32 . Memory (MB): peak = 1886.332 ; gain = 79.855

Routing Is Done.
INFO: [Common 17-83] Releasing license: Implementation
62 Infos, 2 Warnings, 0 Critical Warnings and 0 Errors encountered.
route_design completed successfully
route_design: Time (s): cpu = 00:00:41 ; elapsed = 00:00:33 . Memory (MB): peak = 1886.332 ; gain = 79.855
Writing placer database...
Writing XDEF routing.
Writing XDEF routing logical nets.
Writing XDEF routing special nets.
Write XDEF Complete: Time (s): cpu = 00:00:00 ; elapsed = 00:00:00.046 . Memory (MB): peak = 1904.824 ; gain = 18.492
INFO: [Common 17-1381] The checkpoint 'C:/Users/User/ACTIVATION FUNCTION/Sigmoid_Function_in_BRAM/Sigmoid_Function_in_BRAM.runs/impl_1/Sigmoid_BRAM_routed.dcp' has been generated.
INFO: [runtcl-4] Executing : report_drc -file Sigmoid_BRAM_drc_routed.rpt -pb Sigmoid_BRAM_drc_routed.pb -rpx Sigmoid_BRAM_drc_routed.rpx
Command: report_drc -file Sigmoid_BRAM_drc_routed.rpt -pb Sigmoid_BRAM_drc_routed.pb -rpx Sigmoid_BRAM_drc_routed.rpx
INFO: [IP_Flow 19-1839] IP Catalog is up to date.
INFO: [DRC 23-27] Running DRC with 2 threads
INFO: [Coretcl 2-168] The results of DRC are in file C:/Users/User/ACTIVATION FUNCTION/Sigmoid_Function_in_BRAM/Sigmoid_Function_in_BRAM.runs/impl_1/Sigmoid_BRAM_drc_routed.rpt.
report_drc completed successfully
INFO: [runtcl-4] Executing : report_methodology -file Sigmoid_BRAM_methodology_drc_routed.rpt -pb Sigmoid_BRAM_methodology_drc_routed.pb -rpx Sigmoid_BRAM_methodology_drc_routed.rpx
Command: report_methodology -file Sigmoid_BRAM_methodology_drc_routed.rpt -pb Sigmoid_BRAM_methodology_drc_routed.pb -rpx Sigmoid_BRAM_methodology_drc_routed.rpx
INFO: [Timing 38-35] Done setting XDC timing constraints.
INFO: [DRC 23-133] Running Methodology with 2 threads
INFO: [Coretcl 2-1520] The results of Report Methodology are in file C:/Users/User/ACTIVATION FUNCTION/Sigmoid_Function_in_BRAM/Sigmoid_Function_in_BRAM.runs/impl_1/Sigmoid_BRAM_methodology_drc_routed.rpt.
report_methodology completed successfully
INFO: [runtcl-4] Executing : report_power -file Sigmoid_BRAM_power_routed.rpt -pb Sigmoid_BRAM_power_summary_routed.pb -rpx Sigmoid_BRAM_power_routed.rpx
Command: report_power -file Sigmoid_BRAM_power_routed.rpt -pb Sigmoid_BRAM_power_summary_routed.pb -rpx Sigmoid_BRAM_power_routed.rpx
INFO: [Timing 38-35] Done setting XDC timing constraints.
WARNING: [Power 33-232] No user defined clocks were found in the design! Power estimation will be inaccurate until this is corrected.
Resolution: Please specify clocks using create_clock/create_generated_clock for sequential elements. For pure combinatorial circuits, please specify a virtual clock, otherwise the vectorless estimation might be inaccurate
Running Vector-less Activity Propagation...

Finished Running Vector-less Activity Propagation
73 Infos, 3 Warnings, 0 Critical Warnings and 0 Errors encountered.
report_power completed successfully
INFO: [runtcl-4] Executing : report_route_status -file Sigmoid_BRAM_route_status.rpt -pb Sigmoid_BRAM_route_status.pb
INFO: [runtcl-4] Executing : report_timing_summary -max_paths 10 -file Sigmoid_BRAM_timing_summary_routed.rpt -pb Sigmoid_BRAM_timing_summary_routed.pb -rpx Sigmoid_BRAM_timing_summary_routed.rpx -warn_on_violation 
INFO: [Timing 38-91] UpdateTimingParams: Speed grade: -1, Delay Type: min_max.
INFO: [Timing 38-191] Multithreading enabled for timing update using a maximum of 2 CPUs
WARNING: [Timing 38-313] There are no user specified timing constraints. Timing constraints are needed for proper timing analysis.
INFO: [runtcl-4] Executing : report_incremental_reuse -file Sigmoid_BRAM_incremental_reuse_routed.rpt
INFO: [Vivado_Tcl 4-1062] Incremental flow is disabled. No incremental reuse Info to report.
INFO: [runtcl-4] Executing : report_clock_utilization -file Sigmoid_BRAM_clock_utilization_routed.rpt
INFO: [runtcl-4] Executing : report_bus_skew -warn_on_violation -file Sigmoid_BRAM_bus_skew_routed.rpt -pb Sigmoid_BRAM_bus_skew_routed.pb -rpx Sigmoid_BRAM_bus_skew_routed.rpx
INFO: [Timing 38-91] UpdateTimingParams: Speed grade: -1, Delay Type: min_max.
INFO: [Timing 38-191] Multithreading enabled for timing update using a maximum of 2 CPUs
INFO: [Common 17-206] Exiting Vivado at Tue Feb 14 21:16:36 2023...
